<?xml version="1.0" encoding="UTF-8"?>
<testsuite xmlns:xsi="http://www.w3.org/2001/XMLSchema-instance" xsi:noNamespaceSchemaLocation="https://maven.apache.org/surefire/maven-surefire-plugin/xsd/surefire-test-report-3.0.xsd" version="3.0" name="cl.company.ecommerce.repository.CustomerRepositoryTest" time="0.052" tests="1" errors="0" skipped="0" failures="0">
  <properties>
[...]
</properties>
  <testcase name="testFindCustomerById" classname="cl.company.ecommerce.repository.CustomerRepositoryTest" time="0.02">
    <system-out><![CDATA[2024-04-23T13:59:50.845-04:00  INFO 7916 --- [api-e-commerce-bd] [           main] t.c.s.AnnotationConfigContextLoaderUtils : Could not detect default configuration classes for test class [cl.company.ecommerce.repository.CustomerRepositoryTest]: CustomerRepositoryTest does not declare any static, non-private, non-final, nested classes annotated with @Configuration.
2024-04-23T13:59:50.869-04:00  INFO 7916 --- [api-e-commerce-bd] [           main] .b.t.c.SpringBootTestContextBootstrapper : Found @SpringBootConfiguration cl.company.ecommerce.ApiECommerceApplication for test class cl.company.ecommerce.repository.CustomerRepositoryTest
Hibernate: select c1_0.id,c1_0.apellido,c1_0.direccion,c1_0.edad,c1_0.nombre,r1_0.id,r1_0.descripcion,r1_0.nombre,c1_0.telefono from cliente c1_0 left join rol r1_0 on r1_0.id=c1_0.rol_id where c1_0.id=?
]]></system-out>
  </testcase>
</testsuite>